<?xml version="1.0" encoding="UTF-8"?>
<testsuite xmlns:xsi="http://www.w3.org/2001/XMLSchema-instance" xsi:noNamespaceSchemaLocation="https://maven.apache.org/surefire/maven-surefire-plugin/xsd/surefire-test-report-3.0.xsd" version="3.0" name="com.precious.bankapp.BankAccountTest" time="0.253" tests="6" errors="0" skipped="0" failures="0">
  <properties>
[...]
</properties>
  <testcase name="testNegativeWithdraw" classname="com.precious.bankapp.BankAccountTest" time="0.102">
    <system-out><![CDATA[Invalid withdrawal amount. Please enter a positive number.

]]></system-out>
  </testcase>
  <testcase name="testWithdraw" classname="com.precious.bankapp.BankAccountTest" time="0.022">
    <system-out><![CDATA[Withdrawal successful! Your new balance is: $70.0

]]></system-out>
  </testcase>
  <testcase name="testInitialBalance" classname="com.precious.bankapp.BankAccountTest" time="0.003"/>
  <testcase name="testDeposit" classname="com.precious.bankapp.BankAccountTest" time="0.006">
    <system-out><![CDATA[Deposit successful! Your new balance is: $150.0

]]></system-out>
  </testcase>
  <testcase name="testOverdraw" classname="com.precious.bankapp.BankAccountTest" time="0.005">
    <system-out><![CDATA[Insufficient balance. Cannot withdraw $200.0.

]]></system-out>
  </testcase>
  <testcase name="testNegativeDeposit" classname="com.precious.bankapp.BankAccountTest" time="0.004">
    <system-out><![CDATA[Invalid deposit amount. Please enter a positive number.

]]></system-out>
  </testcase>
</testsuite>